<?xml version="1.0" encoding="UTF-8"?>
<testsuite xmlns:xsi="http://www.w3.org/2001/XMLSchema-instance" xsi:noNamespaceSchemaLocation="https://maven.apache.org/surefire/maven-surefire-plugin/xsd/surefire-test-report.xsd" name="TestCase1" time="29.959" tests="1" errors="0" skipped="0" failures="0">
  <properties>
    <property name="sun.desktop" value="windows"/>
    <property name="awt.toolkit" value="sun.awt.windows.WToolkit"/>
    <property name="file.encoding.pkg" value="sun.io"/>
    <property name="java.specification.version" value="1.8"/>
    <property name="sun.cpu.isalist" value="amd64"/>
    <property name="sun.jnu.encoding" value="GBK"/>
    <property name="java.class.path" value="C:\Users\xgs\IdeaProjects\price-unit\target\test-classes;C:\Users\xgs\IdeaProjects\price-unit\target\classes;D:\maven\MyRepository\org\springframework\boot\spring-boot-starter-web\2.4.3\spring-boot-starter-web-2.4.3.jar;D:\maven\MyRepository\org\springframework\boot\spring-boot-starter\2.4.3\spring-boot-starter-2.4.3.jar;D:\maven\MyRepository\org\springframework\boot\spring-boot\2.4.3\spring-boot-2.4.3.jar;D:\maven\MyRepository\org\springframework\boot\spring-boot-autoconfigure\2.4.3\spring-boot-autoconfigure-2.4.3.jar;D:\maven\MyRepository\org\springframework\boot\spring-boot-starter-logging\2.4.3\spring-boot-starter-logging-2.4.3.jar;D:\maven\MyRepository\ch\qos\logback\logback-classic\1.2.3\logback-classic-1.2.3.jar;D:\maven\MyRepository\ch\qos\logback\logback-core\1.2.3\logback-core-1.2.3.jar;D:\maven\MyRepository\org\apache\logging\log4j\log4j-to-slf4j\2.13.3\log4j-to-slf4j-2.13.3.jar;D:\maven\MyRepository\org\apache\logging\log4j\log4j-api\2.13.3\log4j-api-2.13.3.jar;D:\maven\MyRepository\org\slf4j\jul-to-slf4j\1.7.30\jul-to-slf4j-1.7.30.jar;D:\maven\MyRepository\jakarta\annotation\jakarta.annotation-api\1.3.5\jakarta.annotation-api-1.3.5.jar;D:\maven\MyRepository\org\yaml\snakeyaml\1.27\snakeyaml-1.27.jar;D:\maven\MyRepository\org\springframework\boot\spring-boot-starter-json\2.4.3\spring-boot-starter-json-2.4.3.jar;D:\maven\MyRepository\com\fasterxml\jackson\core\jackson-databind\2.11.4\jackson-databind-2.11.4.jar;D:\maven\MyRepository\com\fasterxml\jackson\core\jackson-annotations\2.11.4\jackson-annotations-2.11.4.jar;D:\maven\MyRepository\com\fasterxml\jackson\core\jackson-core\2.11.4\jackson-core-2.11.4.jar;D:\maven\MyRepository\com\fasterxml\jackson\datatype\jackson-datatype-jdk8\2.11.4\jackson-datatype-jdk8-2.11.4.jar;D:\maven\MyRepository\com\fasterxml\jackson\datatype\jackson-datatype-jsr310\2.11.4\jackson-datatype-jsr310-2.11.4.jar;D:\maven\MyRepository\com\fasterxml\jackson\module\jackson-module-parameter-names\2.11.4\jackson-module-parameter-names-2.11.4.jar;D:\maven\MyRepository\org\springframework\boot\spring-boot-starter-tomcat\2.4.3\spring-boot-starter-tomcat-2.4.3.jar;D:\maven\MyRepository\org\apache\tomcat\embed\tomcat-embed-core\9.0.43\tomcat-embed-core-9.0.43.jar;D:\maven\MyRepository\org\glassfish\jakarta.el\3.0.3\jakarta.el-3.0.3.jar;D:\maven\MyRepository\org\apache\tomcat\embed\tomcat-embed-websocket\9.0.43\tomcat-embed-websocket-9.0.43.jar;D:\maven\MyRepository\org\springframework\spring-web\5.3.4\spring-web-5.3.4.jar;D:\maven\MyRepository\org\springframework\spring-beans\5.3.4\spring-beans-5.3.4.jar;D:\maven\MyRepository\org\springframework\spring-webmvc\5.3.4\spring-webmvc-5.3.4.jar;D:\maven\MyRepository\org\springframework\spring-aop\5.3.4\spring-aop-5.3.4.jar;D:\maven\MyRepository\org\springframework\spring-context\5.3.4\spring-context-5.3.4.jar;D:\maven\MyRepository\org\springframework\spring-expression\5.3.4\spring-expression-5.3.4.jar;D:\maven\MyRepository\org\springframework\boot\spring-boot-starter-test\2.4.3\spring-boot-starter-test-2.4.3.jar;D:\maven\MyRepository\org\springframework\boot\spring-boot-test\2.4.3\spring-boot-test-2.4.3.jar;D:\maven\MyRepository\org\springframework\boot\spring-boot-test-autoconfigure\2.4.3\spring-boot-test-autoconfigure-2.4.3.jar;D:\maven\MyRepository\com\jayway\jsonpath\json-path\2.4.0\json-path-2.4.0.jar;D:\maven\MyRepository\net\minidev\json-smart\2.3\json-smart-2.3.jar;D:\maven\MyRepository\net\minidev\accessors-smart\1.2\accessors-smart-1.2.jar;D:\maven\MyRepository\org\ow2\asm\asm\5.0.4\asm-5.0.4.jar;D:\maven\MyRepository\org\slf4j\slf4j-api\1.7.30\slf4j-api-1.7.30.jar;D:\maven\MyRepository\jakarta\xml\bind\jakarta.xml.bind-api\2.3.3\jakarta.xml.bind-api-2.3.3.jar;D:\maven\MyRepository\jakarta\activation\jakarta.activation-api\1.2.2\jakarta.activation-api-1.2.2.jar;D:\maven\MyRepository\org\assertj\assertj-core\3.18.1\assertj-core-3.18.1.jar;D:\maven\MyRepository\org\hamcrest\hamcrest\2.2\hamcrest-2.2.jar;D:\maven\MyRepository\org\junit\jupiter\junit-jupiter\5.7.1\junit-jupiter-5.7.1.jar;D:\maven\MyRepository\org\junit\jupiter\junit-jupiter-api\5.7.1\junit-jupiter-api-5.7.1.jar;D:\maven\MyRepository\org\apiguardian\apiguardian-api\1.1.0\apiguardian-api-1.1.0.jar;D:\maven\MyRepository\org\opentest4j\opentest4j\1.2.0\opentest4j-1.2.0.jar;D:\maven\MyRepository\org\junit\platform\junit-platform-commons\1.7.1\junit-platform-commons-1.7.1.jar;D:\maven\MyRepository\org\junit\jupiter\junit-jupiter-params\5.7.1\junit-jupiter-params-5.7.1.jar;D:\maven\MyRepository\org\junit\jupiter\junit-jupiter-engine\5.7.1\junit-jupiter-engine-5.7.1.jar;D:\maven\MyRepository\org\junit\platform\junit-platform-engine\1.7.1\junit-platform-engine-1.7.1.jar;D:\maven\MyRepository\org\mockito\mockito-core\3.6.28\mockito-core-3.6.28.jar;D:\maven\MyRepository\net\bytebuddy\byte-buddy\1.10.20\byte-buddy-1.10.20.jar;D:\maven\MyRepository\net\bytebuddy\byte-buddy-agent\1.10.20\byte-buddy-agent-1.10.20.jar;D:\maven\MyRepository\org\objenesis\objenesis\3.1\objenesis-3.1.jar;D:\maven\MyRepository\org\mockito\mockito-junit-jupiter\3.6.28\mockito-junit-jupiter-3.6.28.jar;D:\maven\MyRepository\org\skyscreamer\jsonassert\1.5.0\jsonassert-1.5.0.jar;D:\maven\MyRepository\com\vaadin\external\google\android-json\0.0.20131108.vaadin1\android-json-0.0.20131108.vaadin1.jar;D:\maven\MyRepository\org\springframework\spring-core\5.3.4\spring-core-5.3.4.jar;D:\maven\MyRepository\org\springframework\spring-jcl\5.3.4\spring-jcl-5.3.4.jar;D:\maven\MyRepository\org\springframework\spring-test\5.3.4\spring-test-5.3.4.jar;D:\maven\MyRepository\org\xmlunit\xmlunit-core\2.7.0\xmlunit-core-2.7.0.jar;D:\maven\MyRepository\com\alibaba\fastjson\1.2.76\fastjson-1.2.76.jar;"/>
    <property name="java.vm.vendor" value="Oracle Corporation"/>
    <property name="sun.arch.data.model" value="64"/>
    <property name="user.variant" value=""/>
    <property name="java.vendor.url" value="http://java.oracle.com/"/>
    <property name="user.timezone" value="Asia/Shanghai"/>
    <property name="java.vm.specification.version" value="1.8"/>
    <property name="os.name" value="Windows 10"/>
    <property name="user.country" value="CN"/>
    <property name="sun.java.launcher" value="SUN_STANDARD"/>
    <property name="sun.boot.library.path" value="C:\Program Files\Java\jdk1.8.0_261\jre\bin"/>
    <property name="sun.java.command" value="C:\Users\xgs\AppData\Local\Temp\surefire8050685832247902984\surefirebooter5841819133357184610.jar C:\Users\xgs\AppData\Local\Temp\surefire8050685832247902984 2021-07-24T23-24-36_581-jvmRun1 surefire6309020607103415325tmp surefire_01158587083595420905tmp"/>
    <property name="surefire.test.class.path" value="C:\Users\xgs\IdeaProjects\price-unit\target\test-classes;C:\Users\xgs\IdeaProjects\price-unit\target\classes;D:\maven\MyRepository\org\springframework\boot\spring-boot-starter-web\2.4.3\spring-boot-starter-web-2.4.3.jar;D:\maven\MyRepository\org\springframework\boot\spring-boot-starter\2.4.3\spring-boot-starter-2.4.3.jar;D:\maven\MyRepository\org\springframework\boot\spring-boot\2.4.3\spring-boot-2.4.3.jar;D:\maven\MyRepository\org\springframework\boot\spring-boot-autoconfigure\2.4.3\spring-boot-autoconfigure-2.4.3.jar;D:\maven\MyRepository\org\springframework\boot\spring-boot-starter-logging\2.4.3\spring-boot-starter-logging-2.4.3.jar;D:\maven\MyRepository\ch\qos\logback\logback-classic\1.2.3\logback-classic-1.2.3.jar;D:\maven\MyRepository\ch\qos\logback\logback-core\1.2.3\logback-core-1.2.3.jar;D:\maven\MyRepository\org\apache\logging\log4j\log4j-to-slf4j\2.13.3\log4j-to-slf4j-2.13.3.jar;D:\maven\MyRepository\org\apache\logging\log4j\log4j-api\2.13.3\log4j-api-2.13.3.jar;D:\maven\MyRepository\org\slf4j\jul-to-slf4j\1.7.30\jul-to-slf4j-1.7.30.jar;D:\maven\MyRepository\jakarta\annotation\jakarta.annotation-api\1.3.5\jakarta.annotation-api-1.3.5.jar;D:\maven\MyRepository\org\yaml\snakeyaml\1.27\snakeyaml-1.27.jar;D:\maven\MyRepository\org\springframework\boot\spring-boot-starter-json\2.4.3\spring-boot-starter-json-2.4.3.jar;D:\maven\MyRepository\com\fasterxml\jackson\core\jackson-databind\2.11.4\jackson-databind-2.11.4.jar;D:\maven\MyRepository\com\fasterxml\jackson\core\jackson-annotations\2.11.4\jackson-annotations-2.11.4.jar;D:\maven\MyRepository\com\fasterxml\jackson\core\jackson-core\2.11.4\jackson-core-2.11.4.jar;D:\maven\MyRepository\com\fasterxml\jackson\datatype\jackson-datatype-jdk8\2.11.4\jackson-datatype-jdk8-2.11.4.jar;D:\maven\MyRepository\com\fasterxml\jackson\datatype\jackson-datatype-jsr310\2.11.4\jackson-datatype-jsr310-2.11.4.jar;D:\maven\MyRepository\com\fasterxml\jackson\module\jackson-module-parameter-names\2.11.4\jackson-module-parameter-names-2.11.4.jar;D:\maven\MyRepository\org\springframework\boot\spring-boot-starter-tomcat\2.4.3\spring-boot-starter-tomcat-2.4.3.jar;D:\maven\MyRepository\org\apache\tomcat\embed\tomcat-embed-core\9.0.43\tomcat-embed-core-9.0.43.jar;D:\maven\MyRepository\org\glassfish\jakarta.el\3.0.3\jakarta.el-3.0.3.jar;D:\maven\MyRepository\org\apache\tomcat\embed\tomcat-embed-websocket\9.0.43\tomcat-embed-websocket-9.0.43.jar;D:\maven\MyRepository\org\springframework\spring-web\5.3.4\spring-web-5.3.4.jar;D:\maven\MyRepository\org\springframework\spring-beans\5.3.4\spring-beans-5.3.4.jar;D:\maven\MyRepository\org\springframework\spring-webmvc\5.3.4\spring-webmvc-5.3.4.jar;D:\maven\MyRepository\org\springframework\spring-aop\5.3.4\spring-aop-5.3.4.jar;D:\maven\MyRepository\org\springframework\spring-context\5.3.4\spring-context-5.3.4.jar;D:\maven\MyRepository\org\springframework\spring-expression\5.3.4\spring-expression-5.3.4.jar;D:\maven\MyRepository\org\springframework\boot\spring-boot-starter-test\2.4.3\spring-boot-starter-test-2.4.3.jar;D:\maven\MyRepository\org\springframework\boot\spring-boot-test\2.4.3\spring-boot-test-2.4.3.jar;D:\maven\MyRepository\org\springframework\boot\spring-boot-test-autoconfigure\2.4.3\spring-boot-test-autoconfigure-2.4.3.jar;D:\maven\MyRepository\com\jayway\jsonpath\json-path\2.4.0\json-path-2.4.0.jar;D:\maven\MyRepository\net\minidev\json-smart\2.3\json-smart-2.3.jar;D:\maven\MyRepository\net\minidev\accessors-smart\1.2\accessors-smart-1.2.jar;D:\maven\MyRepository\org\ow2\asm\asm\5.0.4\asm-5.0.4.jar;D:\maven\MyRepository\org\slf4j\slf4j-api\1.7.30\slf4j-api-1.7.30.jar;D:\maven\MyRepository\jakarta\xml\bind\jakarta.xml.bind-api\2.3.3\jakarta.xml.bind-api-2.3.3.jar;D:\maven\MyRepository\jakarta\activation\jakarta.activation-api\1.2.2\jakarta.activation-api-1.2.2.jar;D:\maven\MyRepository\org\assertj\assertj-core\3.18.1\assertj-core-3.18.1.jar;D:\maven\MyRepository\org\hamcrest\hamcrest\2.2\hamcrest-2.2.jar;D:\maven\MyRepository\org\junit\jupiter\junit-jupiter\5.7.1\junit-jupiter-5.7.1.jar;D:\maven\MyRepository\org\junit\jupiter\junit-jupiter-api\5.7.1\junit-jupiter-api-5.7.1.jar;D:\maven\MyRepository\org\apiguardian\apiguardian-api\1.1.0\apiguardian-api-1.1.0.jar;D:\maven\MyRepository\org\opentest4j\opentest4j\1.2.0\opentest4j-1.2.0.jar;D:\maven\MyRepository\org\junit\platform\junit-platform-commons\1.7.1\junit-platform-commons-1.7.1.jar;D:\maven\MyRepository\org\junit\jupiter\junit-jupiter-params\5.7.1\junit-jupiter-params-5.7.1.jar;D:\maven\MyRepository\org\junit\jupiter\junit-jupiter-engine\5.7.1\junit-jupiter-engine-5.7.1.jar;D:\maven\MyRepository\org\junit\platform\junit-platform-engine\1.7.1\junit-platform-engine-1.7.1.jar;D:\maven\MyRepository\org\mockito\mockito-core\3.6.28\mockito-core-3.6.28.jar;D:\maven\MyRepository\net\bytebuddy\byte-buddy\1.10.20\byte-buddy-1.10.20.jar;D:\maven\MyRepository\net\bytebuddy\byte-buddy-agent\1.10.20\byte-buddy-agent-1.10.20.jar;D:\maven\MyRepository\org\objenesis\objenesis\3.1\objenesis-3.1.jar;D:\maven\MyRepository\org\mockito\mockito-junit-jupiter\3.6.28\mockito-junit-jupiter-3.6.28.jar;D:\maven\MyRepository\org\skyscreamer\jsonassert\1.5.0\jsonassert-1.5.0.jar;D:\maven\MyRepository\com\vaadin\external\google\android-json\0.0.20131108.vaadin1\android-json-0.0.20131108.vaadin1.jar;D:\maven\MyRepository\org\springframework\spring-core\5.3.4\spring-core-5.3.4.jar;D:\maven\MyRepository\org\springframework\spring-jcl\5.3.4\spring-jcl-5.3.4.jar;D:\maven\MyRepository\org\springframework\spring-test\5.3.4\spring-test-5.3.4.jar;D:\maven\MyRepository\org\xmlunit\xmlunit-core\2.7.0\xmlunit-core-2.7.0.jar;D:\maven\MyRepository\com\alibaba\fastjson\1.2.76\fastjson-1.2.76.jar;"/>
    <property name="sun.cpu.endian" value="little"/>
    <property name="user.home" value="C:\Users\xgs"/>
    <property name="user.language" value="zh"/>
    <property name="java.specification.vendor" value="Oracle Corporation"/>
    <property name="java.home" value="C:\Program Files\Java\jdk1.8.0_261\jre"/>
    <property name="basedir" value="C:\Users\xgs\IdeaProjects\price-unit"/>
    <property name="file.separator" value="\"/>
    <property name="line.separator" value="&#10;"/>
    <property name="java.vm.specification.vendor" value="Oracle Corporation"/>
    <property name="java.specification.name" value="Java Platform API Specification"/>
    <property name="java.awt.graphicsenv" value="sun.awt.Win32GraphicsEnvironment"/>
    <property name="surefire.real.class.path" value="C:\Users\xgs\AppData\Local\Temp\surefire8050685832247902984\surefirebooter5841819133357184610.jar"/>
    <property name="sun.boot.class.path" value="C:\Program Files\Java\jdk1.8.0_261\jre\lib\resources.jar;C:\Program Files\Java\jdk1.8.0_261\jre\lib\rt.jar;C:\Program Files\Java\jdk1.8.0_261\jre\lib\sunrsasign.jar;C:\Program Files\Java\jdk1.8.0_261\jre\lib\jsse.jar;C:\Program Files\Java\jdk1.8.0_261\jre\lib\jce.jar;C:\Program Files\Java\jdk1.8.0_261\jre\lib\charsets.jar;C:\Program Files\Java\jdk1.8.0_261\jre\lib\jfr.jar;C:\Program Files\Java\jdk1.8.0_261\jre\classes"/>
    <property name="user.script" value=""/>
    <property name="sun.management.compiler" value="HotSpot 64-Bit Tiered Compilers"/>
    <property name="java.runtime.version" value="1.8.0_261-b12"/>
    <property name="user.name" value="xgs"/>
    <property name="path.separator" value=";"/>
    <property name="os.version" value="10.0"/>
    <property name="java.endorsed.dirs" value="C:\Program Files\Java\jdk1.8.0_261\jre\lib\endorsed"/>
    <property name="java.runtime.name" value="Java(TM) SE Runtime Environment"/>
    <property name="file.encoding" value="GBK"/>
    <property name="java.vm.name" value="Java HotSpot(TM) 64-Bit Server VM"/>
    <property name="localRepository" value="D:\maven\MyRepository"/>
    <property name="java.vendor.url.bug" value="http://bugreport.sun.com/bugreport/"/>
    <property name="java.io.tmpdir" value="C:\Users\xgs\AppData\Local\Temp\"/>
    <property name="idea.version" value="2020.2.4"/>
    <property name="java.version" value="1.8.0_261"/>
    <property name="user.dir" value="C:\Users\xgs\IdeaProjects\price-unit"/>
    <property name="os.arch" value="amd64"/>
    <property name="java.vm.specification.name" value="Java Virtual Machine Specification"/>
    <property name="java.awt.printerjob" value="sun.awt.windows.WPrinterJob"/>
    <property name="sun.os.patch.level" value=""/>
    <property name="java.library.path" value="C:\Program Files\Java\jdk1.8.0_261\jre\bin;C:\WINDOWS\Sun\Java\bin;C:\WINDOWS\system32;C:\WINDOWS;D:\Downloads\VM\bin\;C:\Program Files (x86)\Common Files\Intel\Shared Libraries\redist\intel64\compiler;C:\Program Files (x86)\Common Files\Oracle\Java\javapath;C:\Windows\system32;C:\Windows;C:\Windows\System32\Wbem;C:\Windows\System32\WindowsPowerShell\v1.0\;C:\Windows\System32\OpenSSH\;C:\Program Files (x86)\NVIDIA Corporation\PhysX\Common;C:\Program Files\NVIDIA Corporation\NVIDIA NvDLISR;C:\Program Files\Git\cmd;C:\Program Files\nodejs\;D:\workPrograms\mysql-8.0.20-winx64\bin;C:\WINDOWS\system32;C:\WINDOWS;C:\WINDOWS\System32\Wbem;C:\WINDOWS\System32\WindowsPowerShell\v1.0\;C:\WINDOWS\System32\OpenSSH\;C:\Program Files\ffmpeg-4.2.1-win64-static\bin;C:\Program Files\Java\jdk1.8.0_261\bin;C:\Users\xgs\AppData\Local\Android\Sdk\platform-tools;C:\Program Files (x86)\scala\bin;D:\maven\apache-maven-3.5.4\bin;D:\tomcat\bin;D:\Redis\;C:\Users\xgs\AppData\Local\Programs\Python\Python38\Scripts\;C:\Users\xgs\AppData\Local\Programs\Python\Python38\;C:\Users\xgs\AppData\Local\Microsoft\WindowsApps;;%IntelliJ IDEA Community Edition%;%PyCharm Community Edition%;C:\Users\xgs\AppData\Roaming\npm;D:\Downloads\Tex\texlive\2020\bin\win32;C:\Program Files\JetBrains\PyCharm 2020.2.3\bin;;C:\Program Files\JetBrains\CLion 2020.2.4\bin;;C:\Program Files\JetBrains\IntelliJ IDEA 2020.2.4\bin;;."/>
    <property name="java.vm.info" value="mixed mode"/>
    <property name="java.vendor" value="Oracle Corporation"/>
    <property name="java.vm.version" value="25.261-b12"/>
    <property name="java.ext.dirs" value="C:\Program Files\Java\jdk1.8.0_261\jre\lib\ext;C:\WINDOWS\Sun\Java\lib\ext"/>
    <property name="sun.io.unicode.encoding" value="UnicodeLittle"/>
    <property name="maven.repo.local" value="D:\maven\MyRepository"/>
    <property name="java.class.version" value="52.0"/>
  </properties>
  <testcase name="cal" classname="TestCase1" time="29.902"/>
</testsuite>